<?xml version="1.0" encoding="UTF-8"?>
<!-- Generated by org.testng.reporters.JUnitReportReporter -->
<testsuite skipped="0" hostname="DESKTOP-6ML3S9P" name="TestScripts.SearchWikicontent" tests="1" failures="0" timestamp="2021-06-06T13:01:32 IST" time="19.832" errors="0">
  <testcase name="SearchOnGoogle" time="19.832" classname="TestScripts.SearchWikicontent"/>
  <system-out/>
</testsuite> <!-- TestScripts.SearchWikicontent -->
