<?xml version="1.0" encoding="UTF-8"?>
<!-- Generated by org.testng.reporters.JUnitReportReporter -->
<testsuite skipped="0" hostname="DESKTOP-6ML3S9P" name="TestScripts.ArrivalStatus" tests="1" failures="0" timestamp="2021-06-06T16:38:52 IST" time="25.038" errors="0">
  <testcase name="GetArrivalStatus" time="25.038" classname="TestScripts.ArrivalStatus"/>
  <system-out/>
</testsuite> <!-- TestScripts.ArrivalStatus -->
