<?xml version="1.0" encoding="UTF-8"?>
<!-- Generated by org.testng.reporters.JUnitReportReporter -->
<testsuite skipped="0" hostname="DESKTOP-6ML3S9P" name="TestScripts.MobileEmulatorForArrivalStatus" tests="1" failures="0" timestamp="2021-06-06T16:24:10 IST" time="20.617" errors="0">
  <testcase name="GetArrivalStatus" time="20.617" classname="TestScripts.MobileEmulatorForArrivalStatus"/>
  <system-out/>
</testsuite> <!-- TestScripts.MobileEmulatorForArrivalStatus -->
